{"/Users/nichparo/Documents/Development/diceRoller/code/extensions/ExtensionLoader.ts": {"path":"/Users/nichparo/Documents/Development/diceRoller/code/extensions/ExtensionLoader.ts","statementMap":{"0":{"start":{"line":7,"column":0},"end":{"line":7,"column":null}},"1":{"start":{"line":21,"column":4},"end":{"line":27,"column":6}},"2":{"start":{"line":31,"column":4},"end":{"line":31,"column":37}},"3":{"start":{"line":17,"column":0},"end":{"line":17,"column":13}}},"fnMap":{"0":{"name":"(anonymous_0)","decl":{"start":{"line":20,"column":2},"end":{"line":20,"column":14}},"loc":{"start":{"line":20,"column":45},"end":{"line":28,"column":3}}},"1":{"name":"(anonymous_1)","decl":{"start":{"line":30,"column":9},"end":{"line":30,"column":22}},"loc":{"start":{"line":30,"column":22},"end":{"line":32,"column":3}}}},"branchMap":{},"s":{"0":0,"1":0,"2":0,"3":0},"f":{"0":0,"1":0},"b":{}}
,"/Users/nichparo/Documents/Development/diceRoller/code/extensions/SampleCustomExtension.ts": {"path":"/Users/nichparo/Documents/Development/diceRoller/code/extensions/SampleCustomExtension.ts","statementMap":{"0":{"start":{"line":13,"column":26},"end":{"line":21,"column":6}},"1":{"start":{"line":23,"column":4},"end":{"line":24,"column":70}},"2":{"start":{"line":9,"column":0},"end":{"line":9,"column":13}}},"fnMap":{"0":{"name":"(anonymous_0)","decl":{"start":{"line":10,"column":9},"end":{"line":10,"column":14}},"loc":{"start":{"line":11,"column":40},"end":{"line":25,"column":3}}}},"branchMap":{},"s":{"0":0,"1":0,"2":0},"f":{"0":0},"b":{}}
}
